

*******************************************************************************
Fri Mar  1 02:47:58 2024


FIT:    data read from file
        format = z
        #datapoints = 30
        residuals are weighted equally (unit weight)

function used for fitting: f_burbuja(x)
	f_burbuja(x) = a*x**2 + b*x + c
fitted parameters initialized with current variable values

iter      chisq       delta/lim  lambda   a             b             c            
   0 4.5241013330e+18   0.00e+00  2.25e+08    1.000000e+00   1.000000e+00   1.000000e+00
  12 1.5955615455e+09  -9.97e-08  2.25e-04    2.217202e-03  -1.035611e+01   1.968725e+04

After 12 iterations the fit converged.
final sum of squares of residuals : 1.59556e+09
rel. change during last iteration : -9.96523e-13

degrees of freedom    (FIT_NDF)                        : 27
rms of residuals      (FIT_STDFIT) = sqrt(WSSR/ndf)    : 7687.32
variance of residuals (reduced chisquare) = WSSR/ndf   : 5.90949e+07

Final set of parameters            Asymptotic Standard Error
=======================            ==========================
a               = 0.0022172        +/- 2.098e-05    (0.9463%)
b               = -10.3561         +/- 0.6337       (6.119%)
c               = 19687.2          +/- 3998         (20.31%)

correlation matrix of the fit parameters:
                a      b      c      
a               1.000 
b              -0.967  1.000 
c               0.725 -0.853  1.000 


*******************************************************************************
Fri Mar  1 02:47:58 2024


FIT:    data read from file
        format = z
        #datapoints = 30
        residuals are weighted equally (unit weight)

function used for fitting: f_mergesort(x)
	f_mergesort(x) = a*x*log(x)
fitted parameters initialized with current variable values

iter      chisq       delta/lim  lambda   a            
   0 4.4516354603e+07   0.00e+00  3.75e+02    2.217202e-03
   3 1.4802134461e+04  -3.47e-02  3.75e-01    9.416417e-03

After 3 iterations the fit converged.
final sum of squares of residuals : 14802.1
rel. change during last iteration : -3.47373e-07

degrees of freedom    (FIT_NDF)                        : 29
rms of residuals      (FIT_STDFIT) = sqrt(WSSR/ndf)    : 22.5924
variance of residuals (reduced chisquare) = WSSR/ndf   : 510.418

Final set of parameters            Asymptotic Standard Error
=======================            ==========================
a               = 0.00941642       +/- 2.438e-05    (0.2589%)


*******************************************************************************
Fri Mar  1 02:47:58 2024


FIT:    data read from file
        format = z
        #datapoints = 30
        residuals are weighted equally (unit weight)

function used for fitting: f_quicksort(x)
	f_quicksort(x) = a*x*log(x)
fitted parameters initialized with current variable values

iter      chisq       delta/lim  lambda   a            
   0 3.3727887057e+07   0.00e+00  1.59e+03    9.416417e-03
   3 1.0016811059e+05  -3.88e-03  1.59e+00    1.567457e-02

After 3 iterations the fit converged.
final sum of squares of residuals : 100168
rel. change during last iteration : -3.87894e-08

degrees of freedom    (FIT_NDF)                        : 29
rms of residuals      (FIT_STDFIT) = sqrt(WSSR/ndf)    : 58.7714
variance of residuals (reduced chisquare) = WSSR/ndf   : 3454.07

Final set of parameters            Asymptotic Standard Error
=======================            ==========================
a               = 0.0156746        +/- 6.343e-05    (0.4046%)


*******************************************************************************
Fri Mar  1 02:51:20 2024


FIT:    data read from file
        format = z
        #datapoints = 30
        residuals are weighted equally (unit weight)

function used for fitting: f_burbuja(x)
	f_burbuja(x) = a*x**2 + b*x + c
fitted parameters initialized with current variable values

iter      chisq       delta/lim  lambda   a             b             c            
   0 4.5242091158e+18   0.00e+00  2.25e+08    1.000000e+00   1.000000e+00   1.000000e+00
  12 1.5292959798e+09  -1.10e-07  2.25e-04    2.231018e-03  -1.099019e+01   2.025514e+04

After 12 iterations the fit converged.
final sum of squares of residuals : 1.5293e+09
rel. change during last iteration : -1.09676e-12

degrees of freedom    (FIT_NDF)                        : 27
rms of residuals      (FIT_STDFIT) = sqrt(WSSR/ndf)    : 7525.99
variance of residuals (reduced chisquare) = WSSR/ndf   : 5.66406e+07

Final set of parameters            Asymptotic Standard Error
=======================            ==========================
a               = 0.00223102       +/- 2.054e-05    (0.9207%)
b               = -10.9902         +/- 0.6204       (5.645%)
c               = 20255.1          +/- 3914         (19.33%)

correlation matrix of the fit parameters:
                a      b      c      
a               1.000 
b              -0.967  1.000 
c               0.725 -0.853  1.000 


*******************************************************************************
Fri Mar  1 02:51:20 2024


FIT:    data read from file
        format = z
        #datapoints = 30
        residuals are weighted equally (unit weight)

function used for fitting: f_mergesort(x)
	f_mergesort(x) = a*x*log(x)
fitted parameters initialized with current variable values

iter      chisq       delta/lim  lambda   a            
   0 4.4248156602e+07   0.00e+00  3.77e+02    2.231018e-03
   3 9.8251841181e+04  -5.19e-03  3.77e-01    9.401732e-03

After 3 iterations the fit converged.
final sum of squares of residuals : 98251.8
rel. change during last iteration : -5.19199e-08

degrees of freedom    (FIT_NDF)                        : 29
rms of residuals      (FIT_STDFIT) = sqrt(WSSR/ndf)    : 58.2065
variance of residuals (reduced chisquare) = WSSR/ndf   : 3387.99

Final set of parameters            Asymptotic Standard Error
=======================            ==========================
a               = 0.00940173       +/- 6.282e-05    (0.6681%)


*******************************************************************************
Fri Mar  1 02:51:20 2024


FIT:    data read from file
        format = z
        #datapoints = 30
        residuals are weighted equally (unit weight)

function used for fitting: f_quicksort(x)
	f_quicksort(x) = a*x*log(x)
fitted parameters initialized with current variable values

iter      chisq       delta/lim  lambda   a            
   0 3.3080886186e+07   0.00e+00  1.59e+03    9.401732e-03
   3 6.1674855263e+04  -6.19e-03  1.59e+00    1.560301e-02

After 3 iterations the fit converged.
final sum of squares of residuals : 61674.9
rel. change during last iteration : -6.1859e-08

degrees of freedom    (FIT_NDF)                        : 29
rms of residuals      (FIT_STDFIT) = sqrt(WSSR/ndf)    : 46.1164
variance of residuals (reduced chisquare) = WSSR/ndf   : 2126.72

Final set of parameters            Asymptotic Standard Error
=======================            ==========================
a               = 0.015603         +/- 4.977e-05    (0.319%)


*******************************************************************************
Fri Mar  1 02:54:05 2024


FIT:    data read from file
        format = z
        #datapoints = 30
        residuals are weighted equally (unit weight)

function used for fitting: f_burbuja(x)
	f_burbuja(x) = a*x**2 + b*x + c
fitted parameters initialized with current variable values

iter      chisq       delta/lim  lambda   a             b             c            
   0 4.5242091158e+18   0.00e+00  2.25e+08    1.000000e+00   1.000000e+00   1.000000e+00
  12 1.5292959798e+09  -1.10e-07  2.25e-04    2.231018e-03  -1.099019e+01   2.025514e+04

After 12 iterations the fit converged.
final sum of squares of residuals : 1.5293e+09
rel. change during last iteration : -1.09676e-12

degrees of freedom    (FIT_NDF)                        : 27
rms of residuals      (FIT_STDFIT) = sqrt(WSSR/ndf)    : 7525.99
variance of residuals (reduced chisquare) = WSSR/ndf   : 5.66406e+07

Final set of parameters            Asymptotic Standard Error
=======================            ==========================
a               = 0.00223102       +/- 2.054e-05    (0.9207%)
b               = -10.9902         +/- 0.6204       (5.645%)
c               = 20255.1          +/- 3914         (19.33%)

correlation matrix of the fit parameters:
                a      b      c      
a               1.000 
b              -0.967  1.000 
c               0.725 -0.853  1.000 


*******************************************************************************
Fri Mar  1 02:54:37 2024


FIT:    data read from file
        format = z
        #datapoints = 30
        residuals are weighted equally (unit weight)

function used for fitting: f_burbuja(x)
	f_burbuja(x) = a*x**2 + b*x + c
fitted parameters initialized with current variable values

iter      chisq       delta/lim  lambda   a             b             c            
   0 4.5242091158e+18   0.00e+00  2.25e+08    1.000000e+00   1.000000e+00   1.000000e+00
  12 1.5292959798e+09  -1.10e-07  2.25e-04    2.231018e-03  -1.099019e+01   2.025514e+04

After 12 iterations the fit converged.
final sum of squares of residuals : 1.5293e+09
rel. change during last iteration : -1.09676e-12

degrees of freedom    (FIT_NDF)                        : 27
rms of residuals      (FIT_STDFIT) = sqrt(WSSR/ndf)    : 7525.99
variance of residuals (reduced chisquare) = WSSR/ndf   : 5.66406e+07

Final set of parameters            Asymptotic Standard Error
=======================            ==========================
a               = 0.00223102       +/- 2.054e-05    (0.9207%)
b               = -10.9902         +/- 0.6204       (5.645%)
c               = 20255.1          +/- 3914         (19.33%)

correlation matrix of the fit parameters:
                a      b      c      
a               1.000 
b              -0.967  1.000 
c               0.725 -0.853  1.000 


*******************************************************************************
Fri Mar  1 02:55:04 2024


FIT:    data read from file
        format = z
        #datapoints = 30
        residuals are weighted equally (unit weight)

function used for fitting: f_burbuja(x)
	f_burbuja(x) = a*x**2 + b*x + c
fitted parameters initialized with current variable values

iter      chisq       delta/lim  lambda   a             b             c            
   0 4.5242091158e+18   0.00e+00  2.25e+08    1.000000e+00   1.000000e+00   1.000000e+00
  12 1.5292959798e+09  -1.10e-07  2.25e-04    2.231018e-03  -1.099019e+01   2.025514e+04

After 12 iterations the fit converged.
final sum of squares of residuals : 1.5293e+09
rel. change during last iteration : -1.09676e-12

degrees of freedom    (FIT_NDF)                        : 27
rms of residuals      (FIT_STDFIT) = sqrt(WSSR/ndf)    : 7525.99
variance of residuals (reduced chisquare) = WSSR/ndf   : 5.66406e+07

Final set of parameters            Asymptotic Standard Error
=======================            ==========================
a               = 0.00223102       +/- 2.054e-05    (0.9207%)
b               = -10.9902         +/- 0.6204       (5.645%)
c               = 20255.1          +/- 3914         (19.33%)

correlation matrix of the fit parameters:
                a      b      c      
a               1.000 
b              -0.967  1.000 
c               0.725 -0.853  1.000 


*******************************************************************************
Fri Mar  1 02:55:18 2024


FIT:    data read from file
        format = z
        #datapoints = 30
        residuals are weighted equally (unit weight)

function used for fitting: f_burbuja(x)
	f_burbuja(x) = a*x**2 + b*x + c
fitted parameters initialized with current variable values

iter      chisq       delta/lim  lambda   a             b             c            
   0 4.5242091158e+18   0.00e+00  2.25e+08    1.000000e+00   1.000000e+00   1.000000e+00
  12 1.5292959798e+09  -1.10e-07  2.25e-04    2.231018e-03  -1.099019e+01   2.025514e+04

After 12 iterations the fit converged.
final sum of squares of residuals : 1.5293e+09
rel. change during last iteration : -1.09676e-12

degrees of freedom    (FIT_NDF)                        : 27
rms of residuals      (FIT_STDFIT) = sqrt(WSSR/ndf)    : 7525.99
variance of residuals (reduced chisquare) = WSSR/ndf   : 5.66406e+07

Final set of parameters            Asymptotic Standard Error
=======================            ==========================
a               = 0.00223102       +/- 2.054e-05    (0.9207%)
b               = -10.9902         +/- 0.6204       (5.645%)
c               = 20255.1          +/- 3914         (19.33%)

correlation matrix of the fit parameters:
                a      b      c      
a               1.000 
b              -0.967  1.000 
c               0.725 -0.853  1.000 


*******************************************************************************
Fri Mar  1 02:55:18 2024


FIT:    data read from file
        format = z
        #datapoints = 30
        residuals are weighted equally (unit weight)

function used for fitting: f_mergesort(x)
	f_mergesort(x) = a*x*log(x)
fitted parameters initialized with current variable values

iter      chisq       delta/lim  lambda   a            
   0 4.4248156602e+07   0.00e+00  3.77e+02    2.231018e-03
   3 9.8251841181e+04  -5.19e-03  3.77e-01    9.401732e-03

After 3 iterations the fit converged.
final sum of squares of residuals : 98251.8
rel. change during last iteration : -5.19199e-08

degrees of freedom    (FIT_NDF)                        : 29
rms of residuals      (FIT_STDFIT) = sqrt(WSSR/ndf)    : 58.2065
variance of residuals (reduced chisquare) = WSSR/ndf   : 3387.99

Final set of parameters            Asymptotic Standard Error
=======================            ==========================
a               = 0.00940173       +/- 6.282e-05    (0.6681%)


*******************************************************************************
Fri Mar  1 02:55:18 2024


FIT:    data read from file
        format = z
        #datapoints = 30
        residuals are weighted equally (unit weight)

function used for fitting: f_quicksort(x)
	f_quicksort(x) = a*x*log(x)
fitted parameters initialized with current variable values

iter      chisq       delta/lim  lambda   a            
   0 3.3080886186e+07   0.00e+00  1.59e+03    9.401732e-03
   3 6.1674855263e+04  -6.19e-03  1.59e+00    1.560301e-02

After 3 iterations the fit converged.
final sum of squares of residuals : 61674.9
rel. change during last iteration : -6.1859e-08

degrees of freedom    (FIT_NDF)                        : 29
rms of residuals      (FIT_STDFIT) = sqrt(WSSR/ndf)    : 46.1164
variance of residuals (reduced chisquare) = WSSR/ndf   : 2126.72

Final set of parameters            Asymptotic Standard Error
=======================            ==========================
a               = 0.015603         +/- 4.977e-05    (0.319%)


*******************************************************************************
Fri Mar  1 02:56:19 2024


FIT:    data read from file
        format = z
        #datapoints = 30
        residuals are weighted equally (unit weight)

function used for fitting: f_burbuja(x)
	f_burbuja(x) = a*x**2 + b*x + c
fitted parameters initialized with current variable values

iter      chisq       delta/lim  lambda   a             b             c            
   0 4.5242091158e+18   0.00e+00  2.25e+08    1.000000e+00   1.000000e+00   1.000000e+00
  12 1.5292959798e+09  -1.10e-07  2.25e-04    2.231018e-03  -1.099019e+01   2.025514e+04

After 12 iterations the fit converged.
final sum of squares of residuals : 1.5293e+09
rel. change during last iteration : -1.09676e-12

degrees of freedom    (FIT_NDF)                        : 27
rms of residuals      (FIT_STDFIT) = sqrt(WSSR/ndf)    : 7525.99
variance of residuals (reduced chisquare) = WSSR/ndf   : 5.66406e+07

Final set of parameters            Asymptotic Standard Error
=======================            ==========================
a               = 0.00223102       +/- 2.054e-05    (0.9207%)
b               = -10.9902         +/- 0.6204       (5.645%)
c               = 20255.1          +/- 3914         (19.33%)

correlation matrix of the fit parameters:
                a      b      c      
a               1.000 
b              -0.967  1.000 
c               0.725 -0.853  1.000 


*******************************************************************************
Fri Mar  1 02:56:19 2024


FIT:    data read from file
        format = z
        #datapoints = 30
        residuals are weighted equally (unit weight)

function used for fitting: f_mergesort(x)
	f_mergesort(x) = a*x*log(x)
fitted parameters initialized with current variable values

iter      chisq       delta/lim  lambda   a            
   0 4.4248156602e+07   0.00e+00  3.77e+02    2.231018e-03
   3 9.8251841181e+04  -5.19e-03  3.77e-01    9.401732e-03

After 3 iterations the fit converged.
final sum of squares of residuals : 98251.8
rel. change during last iteration : -5.19199e-08

degrees of freedom    (FIT_NDF)                        : 29
rms of residuals      (FIT_STDFIT) = sqrt(WSSR/ndf)    : 58.2065
variance of residuals (reduced chisquare) = WSSR/ndf   : 3387.99

Final set of parameters            Asymptotic Standard Error
=======================            ==========================
a               = 0.00940173       +/- 6.282e-05    (0.6681%)


*******************************************************************************
Fri Mar  1 02:56:19 2024


FIT:    data read from file
        format = z
        #datapoints = 30
        residuals are weighted equally (unit weight)

function used for fitting: f_quicksort(x)
	f_quicksort(x) = a*x*log(x)
fitted parameters initialized with current variable values

iter      chisq       delta/lim  lambda   a            
   0 3.3080886186e+07   0.00e+00  1.59e+03    9.401732e-03
   3 6.1674855263e+04  -6.19e-03  1.59e+00    1.560301e-02

After 3 iterations the fit converged.
final sum of squares of residuals : 61674.9
rel. change during last iteration : -6.1859e-08

degrees of freedom    (FIT_NDF)                        : 29
rms of residuals      (FIT_STDFIT) = sqrt(WSSR/ndf)    : 46.1164
variance of residuals (reduced chisquare) = WSSR/ndf   : 2126.72

Final set of parameters            Asymptotic Standard Error
=======================            ==========================
a               = 0.015603         +/- 4.977e-05    (0.319%)


*******************************************************************************
Fri Mar  1 02:59:01 2024


FIT:    data read from file
        format = z
        #datapoints = 30
        residuals are weighted equally (unit weight)

function used for fitting: f_burbuja(x)
	f_burbuja(x) = a*x**2 + b*x + c
fitted parameters initialized with current variable values

iter      chisq       delta/lim  lambda   a             b             c            
   0 4.5242091158e+18   0.00e+00  2.25e+08    1.000000e+00   1.000000e+00   1.000000e+00
  12 1.5292959798e+09  -1.10e-07  2.25e-04    2.231018e-03  -1.099019e+01   2.025514e+04

After 12 iterations the fit converged.
final sum of squares of residuals : 1.5293e+09
rel. change during last iteration : -1.09676e-12

degrees of freedom    (FIT_NDF)                        : 27
rms of residuals      (FIT_STDFIT) = sqrt(WSSR/ndf)    : 7525.99
variance of residuals (reduced chisquare) = WSSR/ndf   : 5.66406e+07

Final set of parameters            Asymptotic Standard Error
=======================            ==========================
a               = 0.00223102       +/- 2.054e-05    (0.9207%)
b               = -10.9902         +/- 0.6204       (5.645%)
c               = 20255.1          +/- 3914         (19.33%)

correlation matrix of the fit parameters:
                a      b      c      
a               1.000 
b              -0.967  1.000 
c               0.725 -0.853  1.000 


*******************************************************************************
Fri Mar  1 02:59:01 2024


FIT:    data read from file
        format = z
        #datapoints = 30
        residuals are weighted equally (unit weight)

function used for fitting: f_quicksort(x)
	f_quicksort(x) = a*x*log(x)
fitted parameters initialized with current variable values

iter      chisq       delta/lim  lambda   a            
   0 1.5359295528e+08   0.00e+00  3.77e+02    2.231018e-03
   3 6.1674855263e+04  -2.88e-02  3.77e-01    1.560301e-02

After 3 iterations the fit converged.
final sum of squares of residuals : 61674.9
rel. change during last iteration : -2.87629e-07

degrees of freedom    (FIT_NDF)                        : 29
rms of residuals      (FIT_STDFIT) = sqrt(WSSR/ndf)    : 46.1164
variance of residuals (reduced chisquare) = WSSR/ndf   : 2126.72

Final set of parameters            Asymptotic Standard Error
=======================            ==========================
a               = 0.015603         +/- 4.977e-05    (0.319%)
