

*******************************************************************************
Sun Apr  7 22:12:21 2024


FIT:    data read from "dat/test_tyt_dyv.dat"
        format = z
        #datapoints = 101
        residuals are weighted equally (unit weight)

function used for fitting: f(x)
	f(x)=x**2
BREAK: Need via and either parameter list or file

*******************************************************************************
Sun Apr  7 22:12:26 2024


FIT:    data read from "dat/test_tyt_dyv.dat"
        format = z
        #datapoints = 101
        residuals are weighted equally (unit weight)

function used for fitting: f(x)
	f(x)=x**2
fitted parameters initialized with current variable values

iter      chisq       delta/lim  lambda   x            
   0 1.2814696069e+24   0.00e+00  0.00e+00    1.000000e+00
BREAK: Singular matrix in Givens()

*******************************************************************************
Sun Apr  7 22:13:05 2024


FIT:    data read from "dat/test_tyt_dyv.dat"
        format = z
        #datapoints = 101
        residuals are weighted equally (unit weight)

function used for fitting: f(x)
	f(x)=a*x*x
fitted parameters initialized with current variable values

iter      chisq       delta/lim  lambda   a            
   0 1.2814696069e+24   0.00e+00  1.13e+11    1.000000e+00
   4 2.2711191901e+10  -5.21e-06  1.13e+07    5.757488e-07

After 4 iterations the fit converged.
final sum of squares of residuals : 2.27112e+10
rel. change during last iteration : -5.21069e-11

degrees of freedom    (FIT_NDF)                        : 100
rms of residuals      (FIT_STDFIT) = sqrt(WSSR/ndf)    : 15070.2
variance of residuals (reduced chisquare) = WSSR/ndf   : 2.27112e+08

Final set of parameters            Asymptotic Standard Error
=======================            ==========================
a               = 5.75749e-07      +/- 1.331e-08    (2.312%)


*******************************************************************************
Sun Apr  7 22:19:57 2024


FIT:    data read from "dat/test_tyt.dat"
        format = z
        x range restricted to [0.00000 : 600000.]
        #datapoints = 101
        residuals are weighted equally (unit weight)

function used for fitting: f(x)
	f(x)=a*x*x
BREAK: Need via and either parameter list or file

*******************************************************************************
Sun Apr  7 22:20:02 2024


FIT:    data read from "dat/test_tyt.dat"
        format = z
        x range restricted to [0.00000 : 600000.]
        #datapoints = 101
        residuals are weighted equally (unit weight)

function used for fitting: f(x)
	f(x)=a*x*x
fitted parameters initialized with current variable values

iter      chisq       delta/lim  lambda   a            
   0 2.3843152641e+17   0.00e+00  6.49e+04    5.757488e-07
   3 9.8669258802e+12  -2.28e-03  6.49e+01    4.319145e-04

After 3 iterations the fit converged.
final sum of squares of residuals : 9.86693e+12
rel. change during last iteration : -2.27633e-08

degrees of freedom    (FIT_NDF)                        : 100
rms of residuals      (FIT_STDFIT) = sqrt(WSSR/ndf)    : 314117
variance of residuals (reduced chisquare) = WSSR/ndf   : 9.86693e+10

Final set of parameters            Asymptotic Standard Error
=======================            ==========================
a               = 0.000431914      +/- 2.775e-07    (0.06424%)


*******************************************************************************
Sun Apr  7 22:20:56 2024


FIT:    data read from "dat/test_tyt.dat"
        format = z
        x range restricted to [0.00000 : 600000.]
        #datapoints = 101
        residuals are weighted equally (unit weight)

function used for fitting: f(x)
	f(x)=a*x*log(x)
fitted parameters initialized with current variable values

iter      chisq       delta/lim  lambda   a            
   0 2.3905312802e+17   0.00e+00  1.60e+03    4.319145e-04
   3 1.2308507793e+16  -1.74e-06  1.60e+00    1.279308e+01

After 3 iterations the fit converged.
final sum of squares of residuals : 1.23085e+16
rel. change during last iteration : -1.73542e-11

degrees of freedom    (FIT_NDF)                        : 100
rms of residuals      (FIT_STDFIT) = sqrt(WSSR/ndf)    : 1.10944e+07
variance of residuals (reduced chisquare) = WSSR/ndf   : 1.23085e+14

Final set of parameters            Asymptotic Standard Error
=======================            ==========================
a               = 12.7931          +/- 0.2981       (2.33%)


*******************************************************************************
Sun Apr  7 22:21:03 2024


FIT:    data read from "dat/test_tyt_dyv.dat"
        format = z
        x range restricted to [0.00000 : 600000.]
        #datapoints = 101
        residuals are weighted equally (unit weight)

function used for fitting: f(x)
	f(x)=a*x*log(x)
fitted parameters initialized with current variable values

iter      chisq       delta/lim  lambda   a            
   0 2.2612335411e+17   0.00e+00  4.74e+07    1.279308e+01
   4 1.1154063565e+08  -3.47e-10  4.74e+03    1.796947e-02

After 4 iterations the fit converged.
final sum of squares of residuals : 1.11541e+08
rel. change during last iteration : -3.47344e-15

degrees of freedom    (FIT_NDF)                        : 100
rms of residuals      (FIT_STDFIT) = sqrt(WSSR/ndf)    : 1056.13
variance of residuals (reduced chisquare) = WSSR/ndf   : 1.11541e+06

Final set of parameters            Asymptotic Standard Error
=======================            ==========================
a               = 0.0179695        +/- 2.837e-05    (0.1579%)


*******************************************************************************
Sun Apr  7 22:22:05 2024


FIT:    data read from "dat/test_tyt_dyv.dat"
        format = z
        x range restricted to [0.00000 : 600000.]
        #datapoints = 101
        residuals are weighted equally (unit weight)

function used for fitting: f(x)
	f(x)=a*log(x)
fitted parameters initialized with current variable values

iter      chisq       delta/lim  lambda   a            
   0 4.4749918019e+11   0.00e+00  2.18e-01    1.796947e-02
   3 9.3799882371e+10  -3.55e-07  2.18e-04    4.878974e+03

After 3 iterations the fit converged.
final sum of squares of residuals : 9.37999e+10
rel. change during last iteration : -3.55231e-12

degrees of freedom    (FIT_NDF)                        : 100
rms of residuals      (FIT_STDFIT) = sqrt(WSSR/ndf)    : 30626.8
variance of residuals (reduced chisquare) = WSSR/ndf   : 9.37999e+08

Final set of parameters            Asymptotic Standard Error
=======================            ==========================
a               = 4878.97          +/- 251.3        (5.15%)


*******************************************************************************
Sun Apr  7 22:22:21 2024


FIT:    data read from "dat/test_tyt_dyv.dat"
        format = z
        x range restricted to [0.00000 : 600000.]
        #datapoints = 101
        residuals are weighted equally (unit weight)

function used for fitting: f(x)
	f(x)=a*x
fitted parameters initialized with current variable values

iter      chisq       delta/lim  lambda   a            
   0 2.0133756282e+20   0.00e+00  1.41e+09    4.878974e+03
   4 4.1480249910e+08  -4.48e-08  1.41e+05    2.299014e-01

After 4 iterations the fit converged.
final sum of squares of residuals : 4.14802e+08
rel. change during last iteration : -4.48325e-13

degrees of freedom    (FIT_NDF)                        : 100
rms of residuals      (FIT_STDFIT) = sqrt(WSSR/ndf)    : 2036.67
variance of residuals (reduced chisquare) = WSSR/ndf   : 4.14802e+06

Final set of parameters            Asymptotic Standard Error
=======================            ==========================
a               = 0.229901         +/- 0.0007003    (0.3046%)


*******************************************************************************
Sun Apr  7 22:23:28 2024


FIT:    data read from "dat/test_tyt_dyv.dat"
        format = z
        #datapoints = 101
        residuals are weighted equally (unit weight)

function used for fitting: f(x)
	f(x)=a*x*log10(x)
fitted parameters initialized with current variable values

iter      chisq       delta/lim  lambda   a            
   0 2.4014928579e+14   0.00e+00  1.61e+06    1.000000e+00
   3 1.1154063565e+08  -2.03e-01  1.61e+03    4.137623e-02

After 3 iterations the fit converged.
final sum of squares of residuals : 1.11541e+08
rel. change during last iteration : -2.02824e-06

degrees of freedom    (FIT_NDF)                        : 100
rms of residuals      (FIT_STDFIT) = sqrt(WSSR/ndf)    : 1056.13
variance of residuals (reduced chisquare) = WSSR/ndf   : 1.11541e+06

Final set of parameters            Asymptotic Standard Error
=======================            ==========================
a               = 0.0413762        +/- 6.533e-05    (0.1579%)
